<?xml version="1.0" encoding="UTF-8"?>
<!-- Generated by org.testng.reporters.JUnitReportReporter -->
<testsuite skipped="0" hostname="DESKTOP-GVCQ9OD" name="org.Testing.A" tests="1" failures="0" timestamp="04 Apr 2020 13:43:56 GMT" time="12.983" errors="0">
  <testcase name="test1" time="12.983" classname="org.Testing.A"/>
</testsuite> <!-- org.Testing.A -->
