<?xml version="1.0" encoding="UTF-8"?>
<!-- Generated by org.testng.reporters.JUnitReportReporter -->
<testsuite skipped="0" hostname="DESKTOP-GVCQ9OD" name="org.Testing.Default" tests="2" failures="0" timestamp="04 Apr 2020 13:26:15 GMT" time="0.005" errors="0">
  <testcase name="Test1" time="0.002" classname="org.Testing.Default"/>
  <testcase name="Test2" time="0.003" classname="org.Testing.Default"/>
</testsuite> <!-- org.Testing.Default -->
